{"op_code":0,"worker_id":"6f62f20f-ce97-43f2-8d49-26595d59067a-140104023052480","study_name":"cats_and_dogs_cnn_model","directions":[1]}
{"op_code":4,"worker_id":"6f62f20f-ce97-43f2-8d49-26595d59067a-140104023052480","study_id":0,"datetime_start":"2025-03-28T20:54:39.121618"}
{"op_code":5,"worker_id":"6f62f20f-ce97-43f2-8d49-26595d59067a-140104023052480","trial_id":0,"param_name":"use_data_augmentation","param_value_internal":0,"distribution":"{\"name\": \"CategoricalDistribution\", \"attributes\": {\"choices\": [false, true]}}"}
{"op_code":5,"worker_id":"6f62f20f-ce97-43f2-8d49-26595d59067a-140104023052480","trial_id":0,"param_name":"use_dropout","param_value_internal":1,"distribution":"{\"name\": \"CategoricalDistribution\", \"attributes\": {\"choices\": [false, true]}}"}
{"op_code":5,"worker_id":"6f62f20f-ce97-43f2-8d49-26595d59067a-140104023052480","trial_id":0,"param_name":"use_batch_normalization","param_value_internal":0,"distribution":"{\"name\": \"CategoricalDistribution\", \"attributes\": {\"choices\": [false, true]}}"}
{"op_code":5,"worker_id":"6f62f20f-ce97-43f2-8d49-26595d59067a-140104023052480","trial_id":0,"param_name":"n_layers_CNN","param_value_internal":2.0,"distribution":"{\"name\": \"IntDistribution\", \"attributes\": {\"log\": false, \"step\": 1, \"low\": 1, \"high\": 6}}"}
{"op_code":5,"worker_id":"6f62f20f-ce97-43f2-8d49-26595d59067a-140104023052480","trial_id":0,"param_name":"pool_every_n_layers","param_value_internal":1.0,"distribution":"{\"name\": \"IntDistribution\", \"attributes\": {\"log\": false, \"step\": 1, \"low\": 1, \"high\": 3}}"}
{"op_code":5,"worker_id":"6f62f20f-ce97-43f2-8d49-26595d59067a-140104023052480","trial_id":0,"param_name":"n_layers_hidden","param_value_internal":1.0,"distribution":"{\"name\": \"IntDistribution\", \"attributes\": {\"log\": false, \"step\": 1, \"low\": 1, \"high\": 2}}"}
{"op_code":5,"worker_id":"6f62f20f-ce97-43f2-8d49-26595d59067a-140104023052480","trial_id":0,"param_name":"CNN_layer0_n_filters","param_value_internal":27.0,"distribution":"{\"name\": \"IntDistribution\", \"attributes\": {\"log\": true, \"step\": 1, \"low\": 4, \"high\": 64}}"}
{"op_code":5,"worker_id":"6f62f20f-ce97-43f2-8d49-26595d59067a-140104023052480","trial_id":0,"param_name":"CNN_layer0_kernel_size","param_value_internal":4.0,"distribution":"{\"name\": \"IntDistribution\", \"attributes\": {\"log\": false, \"step\": 1, \"low\": 2, \"high\": 6}}"}
{"op_code":5,"worker_id":"6f62f20f-ce97-43f2-8d49-26595d59067a-140104023052480","trial_id":0,"param_name":"CNN_layer0_activation","param_value_internal":1,"distribution":"{\"name\": \"CategoricalDistribution\", \"attributes\": {\"choices\": [null, \"relu\"]}}"}
{"op_code":5,"worker_id":"6f62f20f-ce97-43f2-8d49-26595d59067a-140104023052480","trial_id":0,"param_name":"CNN_layer0_pool_size","param_value_internal":3.0,"distribution":"{\"name\": \"IntDistribution\", \"attributes\": {\"log\": false, \"step\": 1, \"low\": 1, \"high\": 3}}"}
{"op_code":5,"worker_id":"6f62f20f-ce97-43f2-8d49-26595d59067a-140104023052480","trial_id":0,"param_name":"CNN_layer1_n_filters","param_value_internal":6.0,"distribution":"{\"name\": \"IntDistribution\", \"attributes\": {\"log\": true, \"step\": 1, \"low\": 4, \"high\": 64}}"}
{"op_code":5,"worker_id":"6f62f20f-ce97-43f2-8d49-26595d59067a-140104023052480","trial_id":0,"param_name":"CNN_layer1_kernel_size","param_value_internal":4.0,"distribution":"{\"name\": \"IntDistribution\", \"attributes\": {\"log\": false, \"step\": 1, \"low\": 2, \"high\": 6}}"}
{"op_code":5,"worker_id":"6f62f20f-ce97-43f2-8d49-26595d59067a-140104023052480","trial_id":0,"param_name":"CNN_layer1_activation","param_value_internal":1,"distribution":"{\"name\": \"CategoricalDistribution\", \"attributes\": {\"choices\": [null, \"relu\"]}}"}
{"op_code":5,"worker_id":"6f62f20f-ce97-43f2-8d49-26595d59067a-140104023052480","trial_id":0,"param_name":"CNN_layer1_pool_size","param_value_internal":2.0,"distribution":"{\"name\": \"IntDistribution\", \"attributes\": {\"log\": false, \"step\": 1, \"low\": 1, \"high\": 3}}"}
{"op_code":5,"worker_id":"6f62f20f-ce97-43f2-8d49-26595d59067a-140104023052480","trial_id":0,"param_name":"n_neurons","param_value_internal":4.0,"distribution":"{\"name\": \"IntDistribution\", \"attributes\": {\"log\": true, \"step\": 1, \"low\": 2, \"high\": 256}}"}
{"op_code":5,"worker_id":"6f62f20f-ce97-43f2-8d49-26595d59067a-140104023052480","trial_id":0,"param_name":"dropout_rate","param_value_internal":0.3379414334032025,"distribution":"{\"name\": \"FloatDistribution\", \"attributes\": {\"step\": null, \"low\": 0.1, \"high\": 0.5, \"log\": false}}"}
{"op_code":8,"worker_id":"6f62f20f-ce97-43f2-8d49-26595d59067a-140104023052480","trial_id":0,"user_attr":{"model_params":{"use_data_augmentation":false,"use_dropout":true,"use_batch_normalization":false,"n_layers_CNN":2,"pool_every_n_layers":1,"n_layers_hidden":1,"CNN_layer0":{"n_filters":27,"kernel_size":4,"activation":"relu","pool_size":3},"CNN_layer1":{"n_filters":6,"kernel_size":4,"activation":"relu","pool_size":2},"hidden_layer0":{"n_neurons":4},"dropout_rate":0.3379414334032025}}}
{"op_code":5,"worker_id":"6f62f20f-ce97-43f2-8d49-26595d59067a-140104023052480","trial_id":0,"param_name":"learning_rate","param_value_internal":0.061737287553310906,"distribution":"{\"name\": \"FloatDistribution\", \"attributes\": {\"step\": null, \"low\": 1e-06, \"high\": 0.1, \"log\": true}}"}
{"op_code":8,"worker_id":"6f62f20f-ce97-43f2-8d49-26595d59067a-140104023052480","trial_id":0,"user_attr":{"learning_rate":0.061737287553310906}}
{"op_code":6,"worker_id":"6f62f20f-ce97-43f2-8d49-26595d59067a-140104023052480","trial_id":0,"state":3,"values":null,"datetime_complete":"2025-03-28T20:54:38.961291"}
{"op_code":0,"worker_id":"cca91519-4f94-4a93-b6b8-d6ea9e76cd15-140280044470464","study_name":"cats_and_dogs_cnn_model","directions":[1]}
{"op_code":4,"worker_id":"cca91519-4f94-4a93-b6b8-d6ea9e76cd15-140280044470464","study_id":0,"datetime_start":"2025-03-28T21:00:38.869321"}
{"op_code":5,"worker_id":"cca91519-4f94-4a93-b6b8-d6ea9e76cd15-140280044470464","trial_id":1,"param_name":"use_data_augmentation","param_value_internal":1,"distribution":"{\"name\": \"CategoricalDistribution\", \"attributes\": {\"choices\": [false, true]}}"}
{"op_code":5,"worker_id":"cca91519-4f94-4a93-b6b8-d6ea9e76cd15-140280044470464","trial_id":1,"param_name":"use_dropout","param_value_internal":0,"distribution":"{\"name\": \"CategoricalDistribution\", \"attributes\": {\"choices\": [false, true]}}"}
{"op_code":5,"worker_id":"cca91519-4f94-4a93-b6b8-d6ea9e76cd15-140280044470464","trial_id":1,"param_name":"use_batch_normalization","param_value_internal":1,"distribution":"{\"name\": \"CategoricalDistribution\", \"attributes\": {\"choices\": [false, true]}}"}
{"op_code":5,"worker_id":"cca91519-4f94-4a93-b6b8-d6ea9e76cd15-140280044470464","trial_id":1,"param_name":"n_layers_CNN","param_value_internal":4.0,"distribution":"{\"name\": \"IntDistribution\", \"attributes\": {\"log\": false, \"step\": 1, \"low\": 1, \"high\": 6}}"}
{"op_code":5,"worker_id":"cca91519-4f94-4a93-b6b8-d6ea9e76cd15-140280044470464","trial_id":1,"param_name":"pool_every_n_layers","param_value_internal":1.0,"distribution":"{\"name\": \"IntDistribution\", \"attributes\": {\"log\": false, \"step\": 1, \"low\": 1, \"high\": 3}}"}
{"op_code":5,"worker_id":"cca91519-4f94-4a93-b6b8-d6ea9e76cd15-140280044470464","trial_id":1,"param_name":"n_layers_hidden","param_value_internal":2.0,"distribution":"{\"name\": \"IntDistribution\", \"attributes\": {\"log\": false, \"step\": 1, \"low\": 1, \"high\": 2}}"}
{"op_code":6,"worker_id":"cca91519-4f94-4a93-b6b8-d6ea9e76cd15-140280044470464","trial_id":1,"state":3,"values":null,"datetime_complete":"2025-03-28T21:00:38.990984"}
{"op_code":0,"worker_id":"8455bbec-7992-48ec-adc5-2952a8f189e6-140468009308352","study_name":"cats_and_dogs_cnn_model","directions":[1]}
{"op_code":4,"worker_id":"8455bbec-7992-48ec-adc5-2952a8f189e6-140468009308352","study_id":0,"datetime_start":"2025-03-28T21:01:37.309384"}
{"op_code":5,"worker_id":"8455bbec-7992-48ec-adc5-2952a8f189e6-140468009308352","trial_id":2,"param_name":"use_data_augmentation","param_value_internal":1,"distribution":"{\"name\": \"CategoricalDistribution\", \"attributes\": {\"choices\": [false, true]}}"}
{"op_code":5,"worker_id":"8455bbec-7992-48ec-adc5-2952a8f189e6-140468009308352","trial_id":2,"param_name":"use_dropout","param_value_internal":1,"distribution":"{\"name\": \"CategoricalDistribution\", \"attributes\": {\"choices\": [false, true]}}"}
{"op_code":5,"worker_id":"8455bbec-7992-48ec-adc5-2952a8f189e6-140468009308352","trial_id":2,"param_name":"use_batch_normalization","param_value_internal":1,"distribution":"{\"name\": \"CategoricalDistribution\", \"attributes\": {\"choices\": [false, true]}}"}
{"op_code":5,"worker_id":"8455bbec-7992-48ec-adc5-2952a8f189e6-140468009308352","trial_id":2,"param_name":"n_layers_CNN","param_value_internal":1.0,"distribution":"{\"name\": \"IntDistribution\", \"attributes\": {\"log\": false, \"step\": 1, \"low\": 1, \"high\": 6}}"}
{"op_code":5,"worker_id":"8455bbec-7992-48ec-adc5-2952a8f189e6-140468009308352","trial_id":2,"param_name":"pool_every_n_layers","param_value_internal":2.0,"distribution":"{\"name\": \"IntDistribution\", \"attributes\": {\"log\": false, \"step\": 1, \"low\": 1, \"high\": 3}}"}
{"op_code":5,"worker_id":"8455bbec-7992-48ec-adc5-2952a8f189e6-140468009308352","trial_id":2,"param_name":"n_layers_hidden","param_value_internal":2.0,"distribution":"{\"name\": \"IntDistribution\", \"attributes\": {\"log\": false, \"step\": 1, \"low\": 1, \"high\": 2}}"}
{"op_code":5,"worker_id":"8455bbec-7992-48ec-adc5-2952a8f189e6-140468009308352","trial_id":2,"param_name":"CNN_layer0_n_filters","param_value_internal":49.0,"distribution":"{\"name\": \"IntDistribution\", \"attributes\": {\"log\": true, \"step\": 1, \"low\": 4, \"high\": 64}}"}
{"op_code":5,"worker_id":"8455bbec-7992-48ec-adc5-2952a8f189e6-140468009308352","trial_id":2,"param_name":"CNN_layer0_kernel_size","param_value_internal":6.0,"distribution":"{\"name\": \"IntDistribution\", \"attributes\": {\"log\": false, \"step\": 1, \"low\": 2, \"high\": 6}}"}
{"op_code":5,"worker_id":"8455bbec-7992-48ec-adc5-2952a8f189e6-140468009308352","trial_id":2,"param_name":"CNN_layer0_activation","param_value_internal":1,"distribution":"{\"name\": \"CategoricalDistribution\", \"attributes\": {\"choices\": [null, \"relu\"]}}"}
{"op_code":5,"worker_id":"8455bbec-7992-48ec-adc5-2952a8f189e6-140468009308352","trial_id":2,"param_name":"CNN_layer0_pool_size","param_value_internal":1.0,"distribution":"{\"name\": \"IntDistribution\", \"attributes\": {\"log\": false, \"step\": 1, \"low\": 1, \"high\": 3}}"}
{"op_code":5,"worker_id":"8455bbec-7992-48ec-adc5-2952a8f189e6-140468009308352","trial_id":2,"param_name":"n_neurons","param_value_internal":5.0,"distribution":"{\"name\": \"IntDistribution\", \"attributes\": {\"log\": true, \"step\": 1, \"low\": 2, \"high\": 256}}"}
{"op_code":5,"worker_id":"8455bbec-7992-48ec-adc5-2952a8f189e6-140468009308352","trial_id":2,"param_name":"dropout_rate","param_value_internal":0.18973786111646593,"distribution":"{\"name\": \"FloatDistribution\", \"attributes\": {\"step\": null, \"low\": 0.1, \"high\": 0.5, \"log\": false}}"}
{"op_code":8,"worker_id":"8455bbec-7992-48ec-adc5-2952a8f189e6-140468009308352","trial_id":2,"user_attr":{"model_params":{"use_data_augmentation":true,"use_dropout":true,"use_batch_normalization":true,"n_layers_CNN":1,"pool_every_n_layers":2,"n_layers_hidden":2,"CNN_layer0":{"n_filters":49,"kernel_size":6,"activation":"relu","pool_size":1},"hidden_layer0":{"n_neurons":5},"hidden_layer1":{"n_neurons":5},"dropout_rate":0.18973786111646593}}}
{"op_code":5,"worker_id":"8455bbec-7992-48ec-adc5-2952a8f189e6-140468009308352","trial_id":2,"param_name":"learning_rate","param_value_internal":0.00011817122034155662,"distribution":"{\"name\": \"FloatDistribution\", \"attributes\": {\"step\": null, \"low\": 1e-06, \"high\": 0.1, \"log\": true}}"}
{"op_code":8,"worker_id":"8455bbec-7992-48ec-adc5-2952a8f189e6-140468009308352","trial_id":2,"user_attr":{"learning_rate":0.00011817122034155662}}
{"op_code":6,"worker_id":"8455bbec-7992-48ec-adc5-2952a8f189e6-140468009308352","trial_id":2,"state":3,"values":null,"datetime_complete":"2025-03-28T21:01:38.988726"}
{"op_code":0,"worker_id":"6cbd6eec-2182-4f48-b5c1-0ec4c2316c2e-140033227296960","study_name":"cats_and_dogs_cnn_model","directions":[1]}
{"op_code":4,"worker_id":"6cbd6eec-2182-4f48-b5c1-0ec4c2316c2e-140033227296960","study_id":0,"datetime_start":"2025-03-29T00:12:00.406824"}
{"op_code":5,"worker_id":"6cbd6eec-2182-4f48-b5c1-0ec4c2316c2e-140033227296960","trial_id":3,"param_name":"use_data_augmentation","param_value_internal":1,"distribution":"{\"name\": \"CategoricalDistribution\", \"attributes\": {\"choices\": [false, true]}}"}
{"op_code":5,"worker_id":"6cbd6eec-2182-4f48-b5c1-0ec4c2316c2e-140033227296960","trial_id":3,"param_name":"use_dropout","param_value_internal":1,"distribution":"{\"name\": \"CategoricalDistribution\", \"attributes\": {\"choices\": [false, true]}}"}
{"op_code":5,"worker_id":"6cbd6eec-2182-4f48-b5c1-0ec4c2316c2e-140033227296960","trial_id":3,"param_name":"use_batch_normalization","param_value_internal":0,"distribution":"{\"name\": \"CategoricalDistribution\", \"attributes\": {\"choices\": [false, true]}}"}
{"op_code":5,"worker_id":"6cbd6eec-2182-4f48-b5c1-0ec4c2316c2e-140033227296960","trial_id":3,"param_name":"n_layers_CNN","param_value_internal":3.0,"distribution":"{\"name\": \"IntDistribution\", \"attributes\": {\"log\": false, \"step\": 1, \"low\": 1, \"high\": 6}}"}
{"op_code":5,"worker_id":"6cbd6eec-2182-4f48-b5c1-0ec4c2316c2e-140033227296960","trial_id":3,"param_name":"pool_every_n_layers","param_value_internal":2.0,"distribution":"{\"name\": \"IntDistribution\", \"attributes\": {\"log\": false, \"step\": 1, \"low\": 1, \"high\": 3}}"}
{"op_code":5,"worker_id":"6cbd6eec-2182-4f48-b5c1-0ec4c2316c2e-140033227296960","trial_id":3,"param_name":"n_layers_hidden","param_value_internal":2.0,"distribution":"{\"name\": \"IntDistribution\", \"attributes\": {\"log\": false, \"step\": 1, \"low\": 1, \"high\": 2}}"}
{"op_code":6,"worker_id":"6cbd6eec-2182-4f48-b5c1-0ec4c2316c2e-140033227296960","trial_id":3,"state":3,"values":null,"datetime_complete":"2025-03-29T00:12:00.525117"}
{"op_code":0,"worker_id":"dea1f50e-b750-406c-bcb4-9092afe4c953-140145923465408","study_name":"cats_and_dogs_cnn_model","directions":[1]}
{"op_code":4,"worker_id":"dea1f50e-b750-406c-bcb4-9092afe4c953-140145923465408","study_id":0,"datetime_start":"2025-03-29T00:14:13.436153"}
{"op_code":5,"worker_id":"dea1f50e-b750-406c-bcb4-9092afe4c953-140145923465408","trial_id":4,"param_name":"use_data_augmentation","param_value_internal":0,"distribution":"{\"name\": \"CategoricalDistribution\", \"attributes\": {\"choices\": [false, true]}}"}
{"op_code":5,"worker_id":"dea1f50e-b750-406c-bcb4-9092afe4c953-140145923465408","trial_id":4,"param_name":"use_dropout","param_value_internal":0,"distribution":"{\"name\": \"CategoricalDistribution\", \"attributes\": {\"choices\": [false, true]}}"}
{"op_code":5,"worker_id":"dea1f50e-b750-406c-bcb4-9092afe4c953-140145923465408","trial_id":4,"param_name":"use_batch_normalization","param_value_internal":0,"distribution":"{\"name\": \"CategoricalDistribution\", \"attributes\": {\"choices\": [false, true]}}"}
{"op_code":5,"worker_id":"dea1f50e-b750-406c-bcb4-9092afe4c953-140145923465408","trial_id":4,"param_name":"n_layers_CNN","param_value_internal":6.0,"distribution":"{\"name\": \"IntDistribution\", \"attributes\": {\"log\": false, \"step\": 1, \"low\": 1, \"high\": 6}}"}
{"op_code":5,"worker_id":"dea1f50e-b750-406c-bcb4-9092afe4c953-140145923465408","trial_id":4,"param_name":"pool_every_n_layers","param_value_internal":2.0,"distribution":"{\"name\": \"IntDistribution\", \"attributes\": {\"log\": false, \"step\": 1, \"low\": 1, \"high\": 3}}"}
{"op_code":5,"worker_id":"dea1f50e-b750-406c-bcb4-9092afe4c953-140145923465408","trial_id":4,"param_name":"n_layers_hidden","param_value_internal":2.0,"distribution":"{\"name\": \"IntDistribution\", \"attributes\": {\"log\": false, \"step\": 1, \"low\": 1, \"high\": 2}}"}
{"op_code":5,"worker_id":"dea1f50e-b750-406c-bcb4-9092afe4c953-140145923465408","trial_id":4,"param_name":"CNN_layer0_n_filters","param_value_internal":5.0,"distribution":"{\"name\": \"IntDistribution\", \"attributes\": {\"log\": true, \"step\": 1, \"low\": 4, \"high\": 64}}"}
{"op_code":5,"worker_id":"dea1f50e-b750-406c-bcb4-9092afe4c953-140145923465408","trial_id":4,"param_name":"CNN_layer0_kernel_size","param_value_internal":2.0,"distribution":"{\"name\": \"IntDistribution\", \"attributes\": {\"log\": false, \"step\": 1, \"low\": 2, \"high\": 6}}"}
{"op_code":5,"worker_id":"dea1f50e-b750-406c-bcb4-9092afe4c953-140145923465408","trial_id":4,"param_name":"CNN_layer0_activation","param_value_internal":1,"distribution":"{\"name\": \"CategoricalDistribution\", \"attributes\": {\"choices\": [null, \"relu\"]}}"}
{"op_code":5,"worker_id":"dea1f50e-b750-406c-bcb4-9092afe4c953-140145923465408","trial_id":4,"param_name":"CNN_layer0_pool_size","param_value_internal":3.0,"distribution":"{\"name\": \"IntDistribution\", \"attributes\": {\"log\": false, \"step\": 1, \"low\": 1, \"high\": 3}}"}
{"op_code":5,"worker_id":"dea1f50e-b750-406c-bcb4-9092afe4c953-140145923465408","trial_id":4,"param_name":"CNN_layer1_n_filters","param_value_internal":51.0,"distribution":"{\"name\": \"IntDistribution\", \"attributes\": {\"log\": true, \"step\": 1, \"low\": 4, \"high\": 64}}"}
{"op_code":5,"worker_id":"dea1f50e-b750-406c-bcb4-9092afe4c953-140145923465408","trial_id":4,"param_name":"CNN_layer1_kernel_size","param_value_internal":6.0,"distribution":"{\"name\": \"IntDistribution\", \"attributes\": {\"log\": false, \"step\": 1, \"low\": 2, \"high\": 6}}"}
{"op_code":5,"worker_id":"dea1f50e-b750-406c-bcb4-9092afe4c953-140145923465408","trial_id":4,"param_name":"CNN_layer1_activation","param_value_internal":0,"distribution":"{\"name\": \"CategoricalDistribution\", \"attributes\": {\"choices\": [null, \"relu\"]}}"}
{"op_code":5,"worker_id":"dea1f50e-b750-406c-bcb4-9092afe4c953-140145923465408","trial_id":4,"param_name":"CNN_layer2_n_filters","param_value_internal":5.0,"distribution":"{\"name\": \"IntDistribution\", \"attributes\": {\"log\": true, \"step\": 1, \"low\": 4, \"high\": 64}}"}
{"op_code":5,"worker_id":"dea1f50e-b750-406c-bcb4-9092afe4c953-140145923465408","trial_id":4,"param_name":"CNN_layer2_kernel_size","param_value_internal":2.0,"distribution":"{\"name\": \"IntDistribution\", \"attributes\": {\"log\": false, \"step\": 1, \"low\": 2, \"high\": 6}}"}
{"op_code":5,"worker_id":"dea1f50e-b750-406c-bcb4-9092afe4c953-140145923465408","trial_id":4,"param_name":"CNN_layer2_activation","param_value_internal":0,"distribution":"{\"name\": \"CategoricalDistribution\", \"attributes\": {\"choices\": [null, \"relu\"]}}"}
{"op_code":5,"worker_id":"dea1f50e-b750-406c-bcb4-9092afe4c953-140145923465408","trial_id":4,"param_name":"CNN_layer2_pool_size","param_value_internal":2.0,"distribution":"{\"name\": \"IntDistribution\", \"attributes\": {\"log\": false, \"step\": 1, \"low\": 1, \"high\": 3}}"}
{"op_code":5,"worker_id":"dea1f50e-b750-406c-bcb4-9092afe4c953-140145923465408","trial_id":4,"param_name":"CNN_layer3_n_filters","param_value_internal":10.0,"distribution":"{\"name\": \"IntDistribution\", \"attributes\": {\"log\": true, \"step\": 1, \"low\": 4, \"high\": 64}}"}
{"op_code":5,"worker_id":"dea1f50e-b750-406c-bcb4-9092afe4c953-140145923465408","trial_id":4,"param_name":"CNN_layer3_kernel_size","param_value_internal":3.0,"distribution":"{\"name\": \"IntDistribution\", \"attributes\": {\"log\": false, \"step\": 1, \"low\": 2, \"high\": 6}}"}
{"op_code":5,"worker_id":"dea1f50e-b750-406c-bcb4-9092afe4c953-140145923465408","trial_id":4,"param_name":"CNN_layer3_activation","param_value_internal":0,"distribution":"{\"name\": \"CategoricalDistribution\", \"attributes\": {\"choices\": [null, \"relu\"]}}"}
{"op_code":5,"worker_id":"dea1f50e-b750-406c-bcb4-9092afe4c953-140145923465408","trial_id":4,"param_name":"CNN_layer4_n_filters","param_value_internal":59.0,"distribution":"{\"name\": \"IntDistribution\", \"attributes\": {\"log\": true, \"step\": 1, \"low\": 4, \"high\": 64}}"}
{"op_code":5,"worker_id":"dea1f50e-b750-406c-bcb4-9092afe4c953-140145923465408","trial_id":4,"param_name":"CNN_layer4_kernel_size","param_value_internal":6.0,"distribution":"{\"name\": \"IntDistribution\", \"attributes\": {\"log\": false, \"step\": 1, \"low\": 2, \"high\": 6}}"}
{"op_code":5,"worker_id":"dea1f50e-b750-406c-bcb4-9092afe4c953-140145923465408","trial_id":4,"param_name":"CNN_layer4_activation","param_value_internal":1,"distribution":"{\"name\": \"CategoricalDistribution\", \"attributes\": {\"choices\": [null, \"relu\"]}}"}
{"op_code":5,"worker_id":"dea1f50e-b750-406c-bcb4-9092afe4c953-140145923465408","trial_id":4,"param_name":"CNN_layer4_pool_size","param_value_internal":1.0,"distribution":"{\"name\": \"IntDistribution\", \"attributes\": {\"log\": false, \"step\": 1, \"low\": 1, \"high\": 3}}"}
{"op_code":5,"worker_id":"dea1f50e-b750-406c-bcb4-9092afe4c953-140145923465408","trial_id":4,"param_name":"CNN_layer5_n_filters","param_value_internal":9.0,"distribution":"{\"name\": \"IntDistribution\", \"attributes\": {\"log\": true, \"step\": 1, \"low\": 4, \"high\": 64}}"}
{"op_code":5,"worker_id":"dea1f50e-b750-406c-bcb4-9092afe4c953-140145923465408","trial_id":4,"param_name":"CNN_layer5_kernel_size","param_value_internal":5.0,"distribution":"{\"name\": \"IntDistribution\", \"attributes\": {\"log\": false, \"step\": 1, \"low\": 2, \"high\": 6}}"}
{"op_code":5,"worker_id":"dea1f50e-b750-406c-bcb4-9092afe4c953-140145923465408","trial_id":4,"param_name":"CNN_layer5_activation","param_value_internal":0,"distribution":"{\"name\": \"CategoricalDistribution\", \"attributes\": {\"choices\": [null, \"relu\"]}}"}
{"op_code":5,"worker_id":"dea1f50e-b750-406c-bcb4-9092afe4c953-140145923465408","trial_id":4,"param_name":"n_neurons","param_value_internal":185.0,"distribution":"{\"name\": \"IntDistribution\", \"attributes\": {\"log\": true, \"step\": 1, \"low\": 2, \"high\": 256}}"}
{"op_code":8,"worker_id":"dea1f50e-b750-406c-bcb4-9092afe4c953-140145923465408","trial_id":4,"user_attr":{"model_params":{"use_data_augmentation":false,"use_dropout":false,"use_batch_normalization":false,"n_layers_CNN":6,"pool_every_n_layers":2,"n_layers_hidden":2,"CNN_layer0":{"n_filters":5,"kernel_size":2,"activation":"relu","pool_size":3},"CNN_layer1":{"n_filters":51,"kernel_size":6,"activation":null},"CNN_layer2":{"n_filters":5,"kernel_size":2,"activation":null,"pool_size":2},"CNN_layer3":{"n_filters":10,"kernel_size":3,"activation":null},"CNN_layer4":{"n_filters":59,"kernel_size":6,"activation":"relu","pool_size":1},"CNN_layer5":{"n_filters":9,"kernel_size":5,"activation":null},"hidden_layer0":{"n_neurons":185},"hidden_layer1":{"n_neurons":185}}}}
{"op_code":5,"worker_id":"dea1f50e-b750-406c-bcb4-9092afe4c953-140145923465408","trial_id":4,"param_name":"learning_rate","param_value_internal":0.004423484854720684,"distribution":"{\"name\": \"FloatDistribution\", \"attributes\": {\"step\": null, \"low\": 1e-06, \"high\": 0.1, \"log\": true}}"}
{"op_code":8,"worker_id":"dea1f50e-b750-406c-bcb4-9092afe4c953-140145923465408","trial_id":4,"user_attr":{"learning_rate":0.004423484854720684}}
{"op_code":6,"worker_id":"dea1f50e-b750-406c-bcb4-9092afe4c953-140145923465408","trial_id":4,"state":3,"values":null,"datetime_complete":"2025-03-29T00:14:15.597260"}
{"op_code":0,"worker_id":"f8f77128-71eb-4535-9b43-7a65f4ba9c06-140445739843776","study_name":"cats_and_dogs_cnn_model","directions":[1]}
{"op_code":4,"worker_id":"f8f77128-71eb-4535-9b43-7a65f4ba9c06-140445739843776","study_id":0,"datetime_start":"2025-03-29T00:17:53.349449"}
{"op_code":5,"worker_id":"f8f77128-71eb-4535-9b43-7a65f4ba9c06-140445739843776","trial_id":5,"param_name":"use_data_augmentation","param_value_internal":0,"distribution":"{\"name\": \"CategoricalDistribution\", \"attributes\": {\"choices\": [false, true]}}"}
{"op_code":5,"worker_id":"f8f77128-71eb-4535-9b43-7a65f4ba9c06-140445739843776","trial_id":5,"param_name":"use_dropout","param_value_internal":1,"distribution":"{\"name\": \"CategoricalDistribution\", \"attributes\": {\"choices\": [false, true]}}"}
{"op_code":5,"worker_id":"f8f77128-71eb-4535-9b43-7a65f4ba9c06-140445739843776","trial_id":5,"param_name":"use_batch_normalization","param_value_internal":1,"distribution":"{\"name\": \"CategoricalDistribution\", \"attributes\": {\"choices\": [false, true]}}"}
{"op_code":5,"worker_id":"f8f77128-71eb-4535-9b43-7a65f4ba9c06-140445739843776","trial_id":5,"param_name":"n_layers_CNN","param_value_internal":5.0,"distribution":"{\"name\": \"IntDistribution\", \"attributes\": {\"log\": false, \"step\": 1, \"low\": 1, \"high\": 6}}"}
{"op_code":5,"worker_id":"f8f77128-71eb-4535-9b43-7a65f4ba9c06-140445739843776","trial_id":5,"param_name":"pool_every_n_layers","param_value_internal":1.0,"distribution":"{\"name\": \"IntDistribution\", \"attributes\": {\"log\": false, \"step\": 1, \"low\": 1, \"high\": 3}}"}
{"op_code":5,"worker_id":"f8f77128-71eb-4535-9b43-7a65f4ba9c06-140445739843776","trial_id":5,"param_name":"n_layers_hidden","param_value_internal":2.0,"distribution":"{\"name\": \"IntDistribution\", \"attributes\": {\"log\": false, \"step\": 1, \"low\": 1, \"high\": 2}}"}
{"op_code":5,"worker_id":"f8f77128-71eb-4535-9b43-7a65f4ba9c06-140445739843776","trial_id":5,"param_name":"CNN_layer0_n_filters","param_value_internal":11.0,"distribution":"{\"name\": \"IntDistribution\", \"attributes\": {\"log\": true, \"step\": 1, \"low\": 4, \"high\": 64}}"}
{"op_code":5,"worker_id":"f8f77128-71eb-4535-9b43-7a65f4ba9c06-140445739843776","trial_id":5,"param_name":"CNN_layer0_kernel_size","param_value_internal":4.0,"distribution":"{\"name\": \"IntDistribution\", \"attributes\": {\"log\": false, \"step\": 1, \"low\": 2, \"high\": 6}}"}
{"op_code":5,"worker_id":"f8f77128-71eb-4535-9b43-7a65f4ba9c06-140445739843776","trial_id":5,"param_name":"CNN_layer0_activation","param_value_internal":1,"distribution":"{\"name\": \"CategoricalDistribution\", \"attributes\": {\"choices\": [null, \"relu\"]}}"}
{"op_code":5,"worker_id":"f8f77128-71eb-4535-9b43-7a65f4ba9c06-140445739843776","trial_id":5,"param_name":"CNN_layer0_pool_size","param_value_internal":2.0,"distribution":"{\"name\": \"IntDistribution\", \"attributes\": {\"log\": false, \"step\": 1, \"low\": 1, \"high\": 3}}"}
{"op_code":5,"worker_id":"f8f77128-71eb-4535-9b43-7a65f4ba9c06-140445739843776","trial_id":5,"param_name":"CNN_layer1_n_filters","param_value_internal":45.0,"distribution":"{\"name\": \"IntDistribution\", \"attributes\": {\"log\": true, \"step\": 1, \"low\": 4, \"high\": 64}}"}
{"op_code":5,"worker_id":"f8f77128-71eb-4535-9b43-7a65f4ba9c06-140445739843776","trial_id":5,"param_name":"CNN_layer1_kernel_size","param_value_internal":6.0,"distribution":"{\"name\": \"IntDistribution\", \"attributes\": {\"log\": false, \"step\": 1, \"low\": 2, \"high\": 6}}"}
{"op_code":5,"worker_id":"f8f77128-71eb-4535-9b43-7a65f4ba9c06-140445739843776","trial_id":5,"param_name":"CNN_layer1_activation","param_value_internal":1,"distribution":"{\"name\": \"CategoricalDistribution\", \"attributes\": {\"choices\": [null, \"relu\"]}}"}
{"op_code":5,"worker_id":"f8f77128-71eb-4535-9b43-7a65f4ba9c06-140445739843776","trial_id":5,"param_name":"CNN_layer1_pool_size","param_value_internal":2.0,"distribution":"{\"name\": \"IntDistribution\", \"attributes\": {\"log\": false, \"step\": 1, \"low\": 1, \"high\": 3}}"}
{"op_code":5,"worker_id":"f8f77128-71eb-4535-9b43-7a65f4ba9c06-140445739843776","trial_id":5,"param_name":"CNN_layer2_n_filters","param_value_internal":4.0,"distribution":"{\"name\": \"IntDistribution\", \"attributes\": {\"log\": true, \"step\": 1, \"low\": 4, \"high\": 64}}"}
{"op_code":5,"worker_id":"f8f77128-71eb-4535-9b43-7a65f4ba9c06-140445739843776","trial_id":5,"param_name":"CNN_layer2_kernel_size","param_value_internal":5.0,"distribution":"{\"name\": \"IntDistribution\", \"attributes\": {\"log\": false, \"step\": 1, \"low\": 2, \"high\": 6}}"}
{"op_code":5,"worker_id":"f8f77128-71eb-4535-9b43-7a65f4ba9c06-140445739843776","trial_id":5,"param_name":"CNN_layer2_activation","param_value_internal":0,"distribution":"{\"name\": \"CategoricalDistribution\", \"attributes\": {\"choices\": [null, \"relu\"]}}"}
{"op_code":5,"worker_id":"f8f77128-71eb-4535-9b43-7a65f4ba9c06-140445739843776","trial_id":5,"param_name":"CNN_layer2_pool_size","param_value_internal":1.0,"distribution":"{\"name\": \"IntDistribution\", \"attributes\": {\"log\": false, \"step\": 1, \"low\": 1, \"high\": 3}}"}
{"op_code":5,"worker_id":"f8f77128-71eb-4535-9b43-7a65f4ba9c06-140445739843776","trial_id":5,"param_name":"CNN_layer3_n_filters","param_value_internal":12.0,"distribution":"{\"name\": \"IntDistribution\", \"attributes\": {\"log\": true, \"step\": 1, \"low\": 4, \"high\": 64}}"}
{"op_code":5,"worker_id":"f8f77128-71eb-4535-9b43-7a65f4ba9c06-140445739843776","trial_id":5,"param_name":"CNN_layer3_kernel_size","param_value_internal":5.0,"distribution":"{\"name\": \"IntDistribution\", \"attributes\": {\"log\": false, \"step\": 1, \"low\": 2, \"high\": 6}}"}
{"op_code":5,"worker_id":"f8f77128-71eb-4535-9b43-7a65f4ba9c06-140445739843776","trial_id":5,"param_name":"CNN_layer3_activation","param_value_internal":0,"distribution":"{\"name\": \"CategoricalDistribution\", \"attributes\": {\"choices\": [null, \"relu\"]}}"}
{"op_code":5,"worker_id":"f8f77128-71eb-4535-9b43-7a65f4ba9c06-140445739843776","trial_id":5,"param_name":"CNN_layer3_pool_size","param_value_internal":3.0,"distribution":"{\"name\": \"IntDistribution\", \"attributes\": {\"log\": false, \"step\": 1, \"low\": 1, \"high\": 3}}"}
{"op_code":5,"worker_id":"f8f77128-71eb-4535-9b43-7a65f4ba9c06-140445739843776","trial_id":5,"param_name":"CNN_layer4_n_filters","param_value_internal":38.0,"distribution":"{\"name\": \"IntDistribution\", \"attributes\": {\"log\": true, \"step\": 1, \"low\": 4, \"high\": 64}}"}
{"op_code":5,"worker_id":"f8f77128-71eb-4535-9b43-7a65f4ba9c06-140445739843776","trial_id":5,"param_name":"CNN_layer4_kernel_size","param_value_internal":4.0,"distribution":"{\"name\": \"IntDistribution\", \"attributes\": {\"log\": false, \"step\": 1, \"low\": 2, \"high\": 6}}"}
{"op_code":5,"worker_id":"f8f77128-71eb-4535-9b43-7a65f4ba9c06-140445739843776","trial_id":5,"param_name":"CNN_layer4_activation","param_value_internal":1,"distribution":"{\"name\": \"CategoricalDistribution\", \"attributes\": {\"choices\": [null, \"relu\"]}}"}
{"op_code":5,"worker_id":"f8f77128-71eb-4535-9b43-7a65f4ba9c06-140445739843776","trial_id":5,"param_name":"CNN_layer4_pool_size","param_value_internal":1.0,"distribution":"{\"name\": \"IntDistribution\", \"attributes\": {\"log\": false, \"step\": 1, \"low\": 1, \"high\": 3}}"}
{"op_code":5,"worker_id":"f8f77128-71eb-4535-9b43-7a65f4ba9c06-140445739843776","trial_id":5,"param_name":"n_neurons","param_value_internal":3.0,"distribution":"{\"name\": \"IntDistribution\", \"attributes\": {\"log\": true, \"step\": 1, \"low\": 2, \"high\": 256}}"}
{"op_code":5,"worker_id":"f8f77128-71eb-4535-9b43-7a65f4ba9c06-140445739843776","trial_id":5,"param_name":"dropout_rate","param_value_internal":0.4065284086009666,"distribution":"{\"name\": \"FloatDistribution\", \"attributes\": {\"step\": null, \"low\": 0.1, \"high\": 0.5, \"log\": false}}"}
{"op_code":8,"worker_id":"f8f77128-71eb-4535-9b43-7a65f4ba9c06-140445739843776","trial_id":5,"user_attr":{"model_params":{"use_data_augmentation":false,"use_dropout":true,"use_batch_normalization":true,"n_layers_CNN":5,"pool_every_n_layers":1,"n_layers_hidden":2,"CNN_layer0":{"n_filters":11,"kernel_size":4,"activation":"relu","pool_size":2},"CNN_layer1":{"n_filters":45,"kernel_size":6,"activation":"relu","pool_size":2},"CNN_layer2":{"n_filters":4,"kernel_size":5,"activation":null,"pool_size":1},"CNN_layer3":{"n_filters":12,"kernel_size":5,"activation":null,"pool_size":3},"CNN_layer4":{"n_filters":38,"kernel_size":4,"activation":"relu","pool_size":1},"hidden_layer0":{"n_neurons":3},"hidden_layer1":{"n_neurons":3},"dropout_rate":0.4065284086009666}}}
{"op_code":5,"worker_id":"f8f77128-71eb-4535-9b43-7a65f4ba9c06-140445739843776","trial_id":5,"param_name":"learning_rate","param_value_internal":5.1398576544501985e-06,"distribution":"{\"name\": \"FloatDistribution\", \"attributes\": {\"step\": null, \"low\": 1e-06, \"high\": 0.1, \"log\": true}}"}
{"op_code":8,"worker_id":"f8f77128-71eb-4535-9b43-7a65f4ba9c06-140445739843776","trial_id":5,"user_attr":{"learning_rate":5.1398576544501985e-06}}
